<?xml version="1.0" encoding="UTF-8"?>
<!-- Generated by org.testng.reporters.JUnitReportReporter -->
<testsuite skipped="0" hostname="Vampire" name="Sample_Code_to_read_all_the_nodes_from_Weather_API_Response" tests="1" failures="0" timestamp="24 Feb 2019 09:34:57 GMT" time="5.286" errors="0">
  <testcase name="DisplayAllNodesInWeatherAPI" time="5.286" classname="Sample_Code_to_read_all_the_nodes_from_Weather_API_Response"/>
</testsuite> <!-- Sample_Code_to_read_all_the_nodes_from_Weather_API_Response -->
