<?xml version="1.0" encoding="UTF-8"?>
<!-- Generated by org.testng.reporters.JUnitReportReporter -->
<testsuite skipped="0" hostname="Vampire" name="Validate_Response_Header" tests="1" failures="0" timestamp="24 Feb 2019 09:27:40 GMT" time="6.257" errors="0">
  <testcase name="GetWeatherHeaders" time="6.257" classname="Validate_Response_Header"/>
</testsuite> <!-- Validate_Response_Header -->
