<?xml version="1.0" encoding="UTF-8"?>
<!-- Generated by org.testng.reporters.JUnitReportReporter -->
<testsuite skipped="0" hostname="Vampire" name="Validate_Response_Status" tests="1" failures="0" timestamp="24 Feb 2019 09:17:54 GMT" time="5.108" errors="0">
  <testcase name="GetEmployeeDetails" time="5.108" classname="Validate_Response_Status"/>
</testsuite> <!-- Validate_Response_Status -->
