<?xml version="1.0" encoding="UTF-8"?>
<!-- Generated by org.testng.reporters.JUnitReportReporter -->
<testsuite skipped="0" hostname="Vampire" name="SimpleGetTest" tests="1" failures="0" timestamp="24 Feb 2019 09:14:24 GMT" time="24.012" errors="0">
  <testcase name="GetEmployeeDetails" time="24.012" classname="SimpleGetTest"/>
</testsuite> <!-- SimpleGetTest -->
