<?xml version="1.0" encoding="UTF-8"?>
<!-- Generated by org.testng.reporters.JUnitReportReporter -->
<testsuite skipped="0" hostname="Vampire" name="Validate_Response_Status_Line" tests="1" failures="0" timestamp="24 Feb 2019 09:25:14 GMT" time="4.993" errors="0">
  <testcase name="GetEmployeeDetails" time="4.993" classname="Validate_Response_Status_Line"/>
</testsuite> <!-- Validate_Response_Status_Line -->
