<?xml version="1.0" encoding="UTF-8"?>
<!-- Generated by org.testng.reporters.JUnitReportReporter -->
<testsuite skipped="0" hostname="Vampire" name="Authentication_and_Authorization" tests="1" failures="0" timestamp="24 Feb 2019 10:09:09 GMT" time="5.203" errors="0">
  <testcase name="AuthenticationBasics" time="5.203" classname="Authentication_and_Authorization"/>
</testsuite> <!-- Authentication_and_Authorization -->
