<?xml version="1.0" encoding="UTF-8"?>
<!-- Generated by org.testng.reporters.JUnitReportReporter -->
<testsuite skipped="0" hostname="Vampire" name="How_to_Print_all_the_Headers_from_HTTP_Response" tests="1" failures="0" timestamp="24 Feb 2019 09:32:21 GMT" time="5.196" errors="0">
  <testcase name="GetEmployeeDetails" time="5.196" classname="How_to_Print_all_the_Headers_from_HTTP_Response"/>
</testsuite> <!-- How_to_Print_all_the_Headers_from_HTTP_Response -->
