<?xml version="1.0" encoding="UTF-8"?>
<!-- Generated by org.testng.reporters.JUnitReportReporter -->
<testsuite skipped="0" hostname="Vampire" name="How_to_make_a_POST_Request_using_Rest_Assured" tests="1" failures="0" timestamp="24 Feb 2019 10:21:43 GMT" time="5.382" errors="0">
  <testcase name="RegistrationSuccessful" time="5.382" classname="How_to_make_a_POST_Request_using_Rest_Assured"/>
</testsuite> <!-- How_to_make_a_POST_Request_using_Rest_Assured -->
